TN:
SF:script/DeployWeWake.s.sol
DA:10,1
FN:10,DeployWeWake.run
FNDA:1,DeployWeWake.run
DA:12,1
DA:13,1
DA:14,1
DA:15,1
DA:18,1
DA:19,1
DA:22,1
DA:23,1
DA:24,1
DA:25,1
DA:26,1
DA:27,1
DA:30,1
DA:33,1
DA:34,1
DA:35,1
DA:36,1
FNF:1
FNH:1
LF:18
LH:18
BRF:0
BRH:0
end_of_record
TN:
SF:script/WeWakeCoin.s.sol
DA:8,0
FN:8,WeWakeCoinScript.run
FNDA:0,WeWakeCoinScript.run
DA:9,0
DA:12,0
DA:16,0
DA:17,0
DA:18,0
DA:19,0
DA:22,0
DA:25,0
FNF:1
FNH:0
LF:9
LH:0
BRF:0
BRH:0
end_of_record
TN:
SF:src/WeWakeCoin.sol
DA:27,0
FN:27,WeWakeCoin.nonces
FNDA:0,WeWakeCoin.nonces
DA:28,0
DA:77,16
FN:77,WeWakeCoin.constructor
FNDA:16,WeWakeCoin.constructor
DA:83,16
DA:84,16
DA:85,16
DA:86,16
DA:87,16
DA:88,16
DA:92,2
FN:92,WeWakeCoin.onlyAdmin
FNDA:2,WeWakeCoin.onlyAdmin
DA:93,2
DA:101,21
FN:101,WeWakeCoin._checkAdmin
FNDA:21,WeWakeCoin._checkAdmin
DA:102,21
BRDA:102,0,0,1
BRDA:102,0,1,20
DA:111,2
FN:111,WeWakeCoin.burnInfo
FNDA:2,WeWakeCoin.burnInfo
DA:112,2
BRDA:112,1,0,-
DA:113,0
DA:114,0
DA:122,4
FN:122,WeWakeCoin.pause
FNDA:4,WeWakeCoin.pause
DA:123,3
DA:124,3
DA:131,1
FN:131,WeWakeCoin.unpause
FNDA:1,WeWakeCoin.unpause
DA:132,1
DA:133,1
DA:141,6
FN:141,WeWakeCoin.openBurn
FNDA:6,WeWakeCoin.openBurn
DA:142,6
BRDA:142,2,0,1
DA:143,5
BRDA:143,3,0,1
DA:144,4
BRDA:144,4,0,1
DA:145,3
DA:146,3
DA:153,2
FN:153,WeWakeCoin.finishBurn
FNDA:2,WeWakeCoin.finishBurn
DA:154,2
DA:155,2
BRDA:155,5,0,-
DA:156,2
BRDA:156,6,0,1
DA:157,1
DA:158,1
DA:159,1
DA:160,1
DA:161,1
DA:168,1
FN:168,WeWakeCoin.cancelBurn
FNDA:1,WeWakeCoin.cancelBurn
DA:169,1
DA:170,1
DA:171,1
DA:172,1
BRDA:172,7,0,1
DA:173,1
DA:184,4
FN:184,WeWakeCoin.rescueERC20
FNDA:4,WeWakeCoin.rescueERC20
DA:185,4
BRDA:185,8,0,1
BRDA:185,8,1,3
DA:186,3
BRDA:186,9,0,1
BRDA:186,9,1,2
DA:187,2
BRDA:187,10,0,1
BRDA:187,10,1,1
DA:188,1
DA:189,1
DA:198,3
FN:198,WeWakeCoin.rescueEth
FNDA:3,WeWakeCoin.rescueEth
DA:199,3
BRDA:199,11,0,1
BRDA:199,11,1,2
DA:200,2
BRDA:200,12,0,1
BRDA:200,12,1,1
DA:201,1
DA:202,1
BRDA:202,13,0,-
BRDA:202,13,1,1
DA:210,12
FN:210,WeWakeCoin.setMultisig
FNDA:12,WeWakeCoin.setMultisig
DA:211,12
BRDA:211,14,0,1
BRDA:211,14,1,11
DA:212,11
DA:224,71
FN:224,WeWakeCoin._update
FNDA:71,WeWakeCoin._update
DA:228,71
BRDA:228,15,0,1
DA:229,70
FNF:14
FNH:13
LF:61
LH:57
BRF:24
BRH:21
end_of_record
TN:
SF:src/WeWakeGovernor.sol
DA:39,0
FN:39,WeWakeGovernor.votingDelay
FNDA:0,WeWakeGovernor.votingDelay
DA:40,2
DA:42,0
FN:42,WeWakeGovernor.votingPeriod
FNDA:0,WeWakeGovernor.votingPeriod
DA:43,2
DA:45,1
FN:45,WeWakeGovernor.quorum
FNDA:1,WeWakeGovernor.quorum
DA:46,4
DA:48,0
FN:48,WeWakeGovernor.proposalThreshold
FNDA:0,WeWakeGovernor.proposalThreshold
DA:49,2
DA:51,2
FN:51,WeWakeGovernor.state
FNDA:2,WeWakeGovernor.state
DA:52,6
DA:54,0
FN:54,WeWakeGovernor.proposalNeedsQueuing
FNDA:0,WeWakeGovernor.proposalNeedsQueuing
DA:55,0
DA:57,0
FN:57,WeWakeGovernor.supportsInterface
FNDA:0,WeWakeGovernor.supportsInterface
DA:58,0
DA:60,2
FN:60,WeWakeGovernor._executor
FNDA:2,WeWakeGovernor._executor
DA:61,2
DA:65,1
FN:65,WeWakeGovernor._queueOperations
FNDA:1,WeWakeGovernor._queueOperations
DA:72,1
DA:75,1
FN:75,WeWakeGovernor._executeOperations
FNDA:1,WeWakeGovernor._executeOperations
DA:82,1
DA:85,0
FN:85,WeWakeGovernor._cancel
FNDA:0,WeWakeGovernor._cancel
DA:91,0
FNF:11
FNH:5
LF:22
LH:13
BRF:0
BRH:0
end_of_record
TN:
SF:test/WeWakeCoin.t.sol
DA:10,1
FN:10,MockERC20.mint
FNDA:1,MockERC20.mint
DA:11,1
FNF:1
FNH:1
LF:2
LH:2
BRF:0
BRH:0
end_of_record
